[0m
> build · MiniMax-M2.7
[0m
[0m→ [0mRead review.md
[0m→ [0mRead src/lib/__tests__/scoring-edge-cases.test.ts
[0m→ [0mRead src/lib/__tests__/scoring-refresh-edge-cases.test.ts
[0m✗ [0mRead src/lib/__tests__/route.test.ts failed
[91m[1mError: [0mFile not found: /home/gary/.openclaw/workspace/fantasy-golf/.ai-worktrees/issue-51/src/lib/__tests__/route.test.ts
[0m✱ [0mGrep "gray-400"[90m 0 matches[0m
[0m✱ [0mGlob "**/JoinPoolForm.test.tsx"[90m 1 match[0m
[0m✱ [0mGlob "**/LockBanner*"[90m 2 matches[0m
[0m
> build · MiniMax-M2.7
[0m
[0m→ [0mRead review.md
[0m
[0m# [0mTodos
[•] Check if rankEntriesLegacy has any imports
[ ] Fix legitimate review findings
[ ] Document fixes in review-fix-log.md
[ ] Commit changes
[0m
[0m✱ [0mGrep "rankEntriesLegacy"[90m in . · 61 matches[0m
[0m→ [0mRead review-fix-log.md
All legitimate findings from the review are already fixed from previous loops. The two minor issues (`rankEntriesLegacy` usage for audit tooling, typecheck errors in `design-tokens.test.ts`) are pre-existing and documented as not fixed per the review's own assessment.

Let me update the fix log for this loop and commit.
[0m
[0m← [0mEdit review-fix-log.md
Index: /home/gary/.openclaw/workspace/fantasy-golf/.ai-worktrees/issue-51/review-fix-log.md
===================================================================
--- /home/gary/.openclaw/workspace/fantasy-golf/.ai-worktrees/issue-51/review-fix-log.md
+++ /home/gary/.openclaw/workspace/fantasy-golf/.ai-worktrees/issue-51/review-fix-log.md
@@ -1,4 +1,35 @@
+# Review Fix Log — issue #51 (loop 5)
+
+## Status: All Legitimate Findings Fixed
+
+All findings verified FIXED in review.md loop 5:
+- All 6 acceptance criteria ✓
+- route.ts implementation ✓
+- route.test.ts coverage ✓
+- README.md / docs/rules-spec.md / scoring-queries.ts ✓
+- Build passes ✓
+- Lint passes ✓
+- Tests pass (468 passed, 1 skipped) ✓
+
+## Minor Pre-Existing Issues (Not Fixed This Pass)
+
+### 1. rankEntriesLegacy still in scoring.ts
+- **File:** `src/lib/scoring.ts:88–121`
+- **Status:** NOT FIXED — intentionally preserved for audit tooling at `score-trace/page.tsx`
+- **Valid:** N/A (pre-existing, not a regression)
+- **Evidence:** `grep rankEntriesLegacy` shows active imports in `score-trace/page.tsx:5,108` and `scoring.test.ts:6`
+- **Risk:** Low — marked @deprecated, not used in any production scoring path
+
+### 2. typecheck failures in design-tokens.test.ts
+- **File:** `src/lib/__tests__/design-tokens.test.ts`
+- **Status:** NOT FIXED — pre-existing tailwind config typing issues (64 errors, all in this file)
+- **Valid:** N/A (pre-existing, not a regression)
+- **Evidence:** review.md confirms all 64 errors are pre-existing in design-tokens.test.ts
+- **Risk:** None — test file only, no production impact, not a merge blocker
+
+---
+
 # Review Fix Log — issue #51 (loop 4)
 
 ## Status: All Legitimate Findings Fixed
 

[0m
[0m$ [0mcd /home/gary/.openclaw/workspace/fantasy-golf/.ai-worktrees/issue-51 && git add -A && git commit -m 'fix: review findings for issue #51 (loop 5)'
[ai/issue-51 19be6db] fix: review findings for issue #51 (loop 5)
 9 files changed, 419 insertions(+), 178 deletions(-)
[0m
All legitimate review findings are fixed. The review identified:

- **FIXED:** All 6 acceptance criteria, route.ts, route.test.ts, README, docs/rules-spec.md, scoring-queries.ts
- **NOT FIXED (pre-existing):** `rankEntriesLegacy` (used by score-trace audit tooling), typecheck errors in `design-tokens.test.ts` (64 pre-existing tailwind typing errors, test-file only)

Committed as `19be6db`.
