[0m
> build · MiniMax-M2.7
[0m
[0m→ [0mRead review.md
Let me verify there are no actual blocking findings by checking the review carefully. The review says "Ready to merge" with all acceptance criteria FIXED. The only remaining items are minor/deprecated code.

Let me check if `rankEntriesLegacy` has any production imports and the typecheck situation:
[0m✱ [0mGrep "rankEntriesLegacy"[90m in src · 2 matches[0m
[0m✱ [0mGrep "typecheck"[90m in package.json · 1 match[0m
Both minor issues confirmed:
1. `rankEntriesLegacy` — only test imports, no production usage
2. `typecheck` script exists in package.json; 64 pre-existing errors in `design-tokens.test.ts` (tailwind config typing issues, unrelated to this PR)

The review explicitly says "Ready to merge" — all original acceptance criteria are FIXED. These two minor items are recommendations, not required fixes.
[0m
[0m← [0mWrite review-fix-log.md
Wrote file successfully.
[0m
[0m$ [0mcd /home/gary/.openclaw/workspace/fantasy-golf/.ai-worktrees/issue-51 && git add -A && git commit -m 'fix: review findings for issue #51 (loop 7)'
[ai/issue-51 dd04327] fix: review findings for issue #51 (loop 7)
 9 files changed, 554 insertions(+), 24 deletions(-)
 create mode 100644 fix-review-7.log
 create mode 100644 re-review-6.log
 create mode 100644 revalidate-6.log
 create mode 100644 validation-6.md
[0m
Done. Committed as `dd04327`. All original acceptance criteria remain verified FIXED. Minor items documented in `./review-fix-log.md` and deferred per review guidance.
