[0m
> build · MiniMax-M2.7
[0m
[0m→ [0mRead review.md
[0m→ [0mRead issue.md
[0m→ [0mRead plan.md
All findings in `review.md` are already marked FIXED. Let me verify the current state and document accordingly.
[0m
[0m$ [0mgit status
On branch ai/issue-51
Your branch is ahead of 'origin/ai/issue-51' by 4 commits.
  (use "git push" to publish your local commits)

Changes not staged for commit:
  (use "git add <file>..." to update what will be committed)
  (use "git restore <file>..." to discard changes in working directory)
	modified:   code-review.md
	modified:   fix-review-5.log
	modified:   orchestrator.log
	modified:   revalidate-5.log
	modified:   review.md

Untracked files:
  (use "git add <file>..." to include in what will be committed)
	fix-review-6.log
	re-review-5.log
	validation-5.md

no changes added to commit (use "git add" and/or "git commit -a")
[0m
[0m✱ [0mGlob "./review-fix-log.md"[90m 0 matches[0m
All legitimate review findings are already FIXED in the current codebase. Let me verify and document this.
[0m
[0m$ [0mnpm run lint 2>&1 | tail -10
npm warn Unknown env config "npm-globalconfig". This will stop working in the next major version of npm. See `npm help npmrc` for supported config options.
npm warn Unknown env config "verify-deps-before-run". This will stop working in the next major version of npm. See `npm help npmrc` for supported config options.
npm warn Unknown env config "_jsr-registry". This will stop working in the next major version of npm. See `npm help npmrc` for supported config options.

> fantasy-golf@0.1.0 lint
> next lint

✔ No ESLint warnings or errors
[0m
[0m$ [0mnpm test 2>&1 | tail -15
npm warn Unknown env config "verify-deps-before-run". This will stop working in the next major version of npm. See `npm help npmrc` for supported config options.
npm warn Unknown env config "_jsr-registry". This will stop working in the next major version of npm. See `npm help npmrc` for supported config options.

> fantasy-golf@0.1.0 test
> vitest run


 RUN  v4.1.4 /home/gary/.openclaw/workspace/fantasy-golf/.ai-worktrees/issue-51


 Test Files  65 passed (65)
      Tests  468 passed | 1 skipped (469)
   Start at  14:50:23
   Duration  9.37s (transform 4.77s, setup 10.18s, import 13.05s, tests 6.62s, environment 12.05s)
[0m
[0m$ [0mnpm run build 2>&1 | tail -20
├ ƒ /api/tournaments                                0 B                0 B
├ ƒ /commissioner                                   2.54 kB        96.3 kB
├ ƒ /commissioner/pools/[poolId]                    7.07 kB         104 kB
├ ƒ /commissioner/pools/[poolId]/audit              185 B          93.9 kB
├ ƒ /commissioner/pools/[poolId]/audit/score-trace  185 B          93.9 kB
├ ƒ /join/[inviteCode]                              671 B          94.4 kB
├ ƒ /participant/picks/[poolId]                     4.36 kB        94.2 kB
├ ƒ /participant/pools                              184 B          93.9 kB
├ ○ /sign-in                                        1.69 kB        88.6 kB
├ ○ /sign-up                                        1.55 kB        88.5 kB
└ ƒ /spectator/pools/[poolId]                       67 kB           157 kB
+ First Load JS shared by all                       87 kB
  ├ chunks/622-526daf1dfe90626d.js                  31.4 kB
  ├ chunks/8bfccd77-1c7bbfeb48f48591.js             53.7 kB
  └ other shared chunks (total)                     1.94 kB


○  (Static)   prerendered as static content
ƒ  (Dynamic)  server-rendered on demand
[0m
Build, lint, and tests all pass. The review identifies two minor issues:
1. `rankEntriesLegacy` deprecated function — low risk, only test imports  
2. typecheck failures in design-tokens.test.ts — pre-existing unrelated to this PR

Both are marked non-blocking. Creating the fix log and committing.
[0m← [0mWrite review-fix-log.md
Wrote file successfully.
[0m
