[0m
> build · MiniMax-M2.7
[0m
[0m→ [0mRead review.md
[0m→ [0mRead issue.md
[0m→ [0mRead plan.md
[0m
[0m$ [0mls -la /home/gary/.openclaw/workspace/fantasy-golf/.ai-worktrees/issue-51/review-fix-log.md 2>/dev/null || echo "File does not exist"
-rw-r--r-- 1 gary gary 1276 May 12 14:54 /home/gary/.openclaw/workspace/fantasy-golf/.ai-worktrees/issue-51/review-fix-log.md
[0m
[0m✱ [0mGrep "rankEntriesLegacy"[90m in src · 4 matches[0m
[0m→ [0mRead review-fix-log.md
Review findings analyzed. The previous loop already documented that `rankEntriesLegacy` has a production import (invalid finding), and the typecheck issue is pre-existing and not a blocker.

Let me verify current state and commit:
[0m
[0m$ [0mcd /home/gary/.openclaw/workspace/fantasy-golf/.ai-worktrees/issue-51 && git status
On branch ai/issue-51
Your branch is ahead of 'origin/ai/issue-51' by 7 commits.
  (use "git push" to publish your local commits)

Changes not staged for commit:
  (use "git add <file>..." to update what will be committed)
  (use "git restore <file>..." to discard changes in working directory)
	modified:   code-review.md
	modified:   fix-review-8.log
	modified:   orchestrator.log
	modified:   review.md

Untracked files:
  (use "git add <file>..." to include in what will be committed)
	fix-review-9.log
	re-review-8.log
	revalidate-8.log
	validation-8.md

no changes added to commit (use "git add" and/or "git commit -a")
[0m
[0m← [0mWrite review-fix-log.md
Wrote file successfully.
[0m
[0m$ [0mcd /home/gary/.openclaw/workspace/fantasy-golf/.ai-worktrees/issue-51 && git add -A && git commit -m 'fix: review findings for issue #51 (loop 9)'
[ai/issue-51 e077be6] fix: review findings for issue #51 (loop 9)
 9 files changed, 586 insertions(+), 15 deletions(-)
 create mode 100644 fix-review-9.log
 create mode 100644 re-review-8.log
 create mode 100644 revalidate-8.log
 create mode 100644 validation-8.md
[0m
All legitimate review findings are already fixed. The two minor items from the review:

1. **`rankEntriesLegacy`** - Invalid finding; production import exists at `page.tsx:108` (audit trace page uses it)
2. **typecheck failures** - Pre-existing, not a regression, explicitly not a blocker per review

No code changes needed. Commit made with updated review-fix-log.md documenting these findings.
