[0m
> build · MiniMax-M2.7
[0m
[0m→ [0mRead review.md
[0m→ [0mRead review-fix-log.md
[0m→ [0mRead review-fix-log.md
Now let me read the failing test files to understand what's actually broken:
[0m→ [0mRead src/lib/__tests__/scoring-refresh-edge-cases.test.ts
[0m✗ [0mRead src/components/__tests__/JoinPoolForm.test.tsx failed
[91m[1mError: [0mFile not found: /home/gary/.openclaw/workspace/fantasy-golf/.ai-worktrees/issue-51/src/components/__tests__/JoinPoolForm.test.tsx
[0m→ [0mRead src/app/api/scoring/route.test.ts
[0m✱ [0mGlob "**/JoinPoolForm.test.tsx"[90m in . · 1 match[0m
[0m✱ [0mGlob "**/SpectatorLeaderboard.test.tsx"[90m in . · 1 match[0m
[0m✱ [0mGlob "**/LockBanner.test.tsx"[90m in . · 1 match[0m
[0m→ [0mRead src/app/join/[inviteCode]/__tests__/JoinPoolForm.test.tsx
[0m→ [0mRead src/components/__tests__/SpectatorLeaderboard.test.tsx
[0m→ [0mRead src/components/__tests__/LockBanner.test.tsx
Let me run the tests to see the actual failures:
[0m
[0m$ [0mnpm test 2>&1 | tail -100
npm warn Unknown env config "npm-globalconfig". This will stop working in the next major version of npm. See `npm help npmrc` for supported config options.
npm warn Unknown env config "verify-deps-before-run". This will stop working in the next major version of npm. See `npm help npmrc` for supported config options.
npm warn Unknown env config "_jsr-registry". This will stop working in the next major version of npm. See `npm help npmrc` for supported config options.

> fantasy-golf@0.1.0 test
> vitest run


 RUN  v4.1.4 /home/gary/.openclaw/workspace/fantasy-golf/.ai-worktrees/issue-51


 Test Files  65 passed (65)
      Tests  468 passed | 1 skipped (469)
   Start at  13:27:35
   Duration  7.31s (transform 3.52s, setup 8.19s, import 9.58s, tests 5.10s, environment 8.97s)
[0m
Tests are passing. Let me check if there are uncommitted changes:
[0m$ [0mgit status
On branch ai/issue-51
Your branch is ahead of 'origin/main' by 13 commits.
  (use "git push" to publish your local commits)

Changes not staged for commit:
  (use "git add <file>..." to update what will be committed)
  (use "git restore <file>..." to discard changes in working directory)
	modified:   code-review.md
	modified:   fix-review-1.log
	modified:   orchestrator.log
	modified:   review.md

Untracked files:
  (use "git add <file>..." to include in what will be committed)
	fix-review-2.log
	re-review-1.log
	revalidate-1.log
	validation-1.md

no changes added to commit (use "git add" and/or "git commit -a")
[0m
Let me run the specific test files mentioned in the review to see current state:
[0m$ [0mnpx vitest run src/lib/__tests__/scoring-refresh-edge-cases.test.ts src/app/api/scoring/route.test.ts 2>&1 | tail -60
npm warn Unknown env config "npm-globalconfig". This will stop working in the next major version of npm. See `npm help npmrc` for supported config options.
npm warn Unknown env config "verify-deps-before-run". This will stop working in the next major version of npm. See `npm help npmrc` for supported config options.
npm warn Unknown env config "_jsr-registry". This will stop working in the next major version of npm. See `npm help npmrc` for supported config options.

 RUN  v4.1.4 /home/gary/.openclaw/workspace/fantasy-golf/.ai-worktrees/issue-51


 Test Files  2 passed (2)
      Tests  9 passed (9)
   Start at  13:28:08
   Duration  513ms (transform 175ms, setup 144ms, import 228ms, tests 26ms, environment 0ms)
[0m
[0m→ [0mRead re-review-1.log
[0m→ [0mRead fix-review-2.log
[0m
[0m$ [0mgit log --oneline -5
cdbf1d7 fix: review findings for issue #51 (loop 1)
eda1f8d feat: implement issue #51 — all 4 tasks complete
df83cb9 test: confirm leaderboard endpoint uses hole-level path
f627545 test: confirm leaderboard endpoint uses hole-level path
f83d8d7 docs: confirm rules-spec.md already describes hole-by-hole correctly
[0m
Let me check the git history of review.md to understand its state:
[0m$ [0mgit diff HEAD -- review.md | head -100
diff --git a/review.md b/review.md
index c8006bb..c4db8ee 100644
--- a/review.md
+++ b/review.md
@@ -1,156 +1,131 @@
-# Code Review: `ai/issue-51` → `main`
+# Code Review: `ai/issue-51` → `main` (Re-Review)
 
 ## Summary
 
-The branch scope was to fix the leaderboard GET endpoint and align docs with hole-by-hole best-ball scoring. The documentation updates are correct, and the routing logic migration looks sound. However, **16 tests are failing** — the implementation didn't complete the final verification step. The branch is not ready to merge.
+Re-reviewing after fixes were applied. Build and lint now pass. However, **16 tests are still failing** — the same count as before. Some tests were partially fixed, but regressions remain and the core mock update issues are not resolved.
 
 ---
 
 ## Critical
 
-### Tests failing — implementation incomplete
+### Tests failing — 16 tests still failing
 
 **Severity:** critical
 
-**Files:** Multiple test files failing (see evidence below)
+**Status:** not fixed (same 16 failures as original review)
 
-**Evidence:** The `npm test` run in `implement-task-1.log` shows 16 failing tests:
-
-```
-❯ src/lib/__tests__/scoring-edge-cases.test.ts (5 tests | 2 failed)
-❯ src/lib/__tests__/scoring-refresh-edge-cases.test.ts (6 tests | 6 failed)
-❯ src/app/api/scoring/route.test.ts (3 tests | 2 failed)
-❯ src/app/join/[inviteCode]/__tests__/JoinPoolForm.test.tsx (3 tests | 3 failed)
-❯ src/components/__tests__/SpectatorLeaderboard.test.tsx (30 tests | 1 failed)
-❯ src/components/__tests__/LockBanner.test.tsx (7 tests | 2 failed)
-```
-
-**Failure mode:** Pre-existing tests are broken by the changes. This is a regression — the branch modified `scoring-queries.ts` (removed `getTournamentScoreRounds`) and `scoring.ts` (removed `rankEntries` and `buildGolferRoundScoresMapFromScores`), but the test mocks for the scoring route were not updated to provide the new function names.
-
-Specific error pattern in scoring refresh tests:
+**Evidence:** `npm test` output shows:
 ```
-Error: [vitest] No "getTournamentHolesForGolfers" export is defined on the "@/lib/scoring-queries" mock.
+Test Files  6 failed | 59 passed (65)
+     Tests  16 failed | 452 passed | 1 skipped (469)
 ```
 
-The `scoring-refresh-edge-cases.test.ts` mock for `@/lib/pool-queries` is also missing `updatePoolRefreshTelemetry`.
-
-**Required fix:** Before merging, run `npm test -- --run` and fix all 16 failing tests. Common patterns:
-1. Add `getTournamentHolesForGolfers` to the `@/lib/scoring-queries` mock in `route.test.ts`
-2. Add `updatePoolRefreshTelemetry` to the `@/lib/pool-queries` mock in `scoring-refresh-edge-cases.test.ts`
-3. Fix `LockBanner.test.tsx` — tests expect `border-amber` but component renders `border-green-200`
-4. Fix `SpectatorLeaderboard.test.tsx` — `gray-400` token still present in source
+The same 6 test files are failing as in the original review:
+- `scoring-edge-cases.test.ts` (2 failed)
+- `scoring-refresh-edge-cases.test.ts` (6 failed)
+- `route.test.ts` (2 failed)
+- `JoinPoolForm.test.tsx` (3 failed)
+- `SpectatorLeaderboard.test.tsx` (1 failed)
+- `LockBanner.test.tsx` (2 failed)
+
+**Failure pattern analysis:**
+
+1. **`scoring-edge-cases.test.ts`** — `computeEntryScore` with all incomplete rounds returns `null` instead of `0`:
+   - Test expects `totalScore: 0`, but `rankEntries` now returns `null` when no holes completed
+   - The test description says "empty golferRoundScores map → all entries get totalScore 0" but the correct behavior is now `null` for no completed holes
+   - **Status:** partially fixed — the behavior changed, test needs updating to reflect new contract
+
+2. **`scoring-refresh-edge-cases.test.ts`** — All 6 tests fail with:
+   ```
+   Error: [vitest] No "getTournamentHolesForGolfers" export is defined on the "@/lib/scoring-queries" mock.
+   ```
+   Despite the fix log showing this was addressed, the mock still doesn't include `getTournamentHolesForGolfers` for the `scoring-refresh-edge-cases.test.ts` tests at the `refreshScoresForPool` call path.
+   - **Status:** not fixed
+
+3. **`route.test.ts`** — 500 error on `uses golfer dataset size for audit details`:
+   - The test expects 200 but gets 500
+   - `getTournamentHolesForGolfers` mock not provided in the `scoring-queries` mock
+   - `getEntriesForPool` mock not being called (0 calls) in "fans out" test
+   - **Status:** not fixed
+
+4. **`JoinPoolForm.test.tsx`** — `TypeError: useFormState is not a function`:
+   - The mock for `react-dom` with `useFormState` was attempted but the fix log shows the test was gutted rather than properly mocked
+   - **Status:** not fixed
+
+5. **`SpectatorLeaderboard.test.tsx`** — `gray-400` still in source:
+   - `score-display.tsx` still has `text-gray-400` at line 961 despite the fix log showing an edit
+   - `GolferContribution.tsx` still has multiple `gray-*` tokens
+   - **Status:** partially fixed (edit attempted but incomplete)
+
+6. **`LockBanner.test.tsx`** — Tests expect `border-amber` but component renders `border-green-200`:
+   - The deadline warning behavior was not fixed — LockBanner still shows green when deadline is within 24h
+   - **Status:** not fixed
 
 ---
 
+## High
+
 ### `route.test.ts` — `getTournamentRosterGolfers` result not validated in new test
[0m
Let me check if there are any modified source files:
[0m$ [0mgit diff HEAD -- src/ | head -200
(no output)
[0m
Let me check the actual source files to see if the issues still exist:
[0m$ [0mrg 'gray-' src/components/score-display.tsx | head -20
(no output)
[0m
[0m$ [0mrg 'gray-' src/components/GolferContribution.tsx | head -20
(no output)
[0m
[0m→ [0mRead src/components/LockBanner.tsx
Let me run the specific failing tests from the re-review:
[0m
[0m$ [0mnpx vitest run src/components/__tests__/LockBanner.test.tsx 2>&1 | tail -40
npm warn Unknown env config "npm-globalconfig". This will stop working in the next major version of npm. See `npm help npmrc` for supported config options.
npm warn Unknown env config "verify-deps-before-run". This will stop working in the next major version of npm. See `npm help npmrc` for supported config options.
npm warn Unknown env config "_jsr-registry". This will stop working in the next major version of npm. See `npm help npmrc` for supported config options.

 RUN  v4.1.4 /home/gary/.openclaw/workspace/fantasy-golf/.ai-worktrees/issue-51


 Test Files  1 passed (1)
      Tests  7 passed (7)
   Start at  13:29:27
   Duration  424ms (transform 55ms, setup 67ms, import 65ms, tests 29ms, environment 0ms)
[0m
[0m$ [0mnpx vitest run src/lib/__tests__/scoring-edge-cases.test.ts src/app/join/\[inviteCode\]/__tests__/JoinPoolForm.test.tsx src/components/__tests__/SpectatorLeaderboard.test.tsx 2>&1 | tail -40
npm warn Unknown env config "npm-globalconfig". This will stop working in the next major version of npm. See `npm help npmrc` for supported config options.
npm warn Unknown env config "verify-deps-before-run". This will stop working in the next major version of npm. See `npm help npmrc` for supported config options.
npm warn Unknown env config "_jsr-registry". This will stop working in the next major version of npm. See `npm help npmrc` for supported config options.

 RUN  v4.1.4 /home/gary/.openclaw/workspace/fantasy-golf/.ai-worktrees/issue-51


 Test Files  3 passed (3)
      Tests  38 passed (38)
   Start at  13:29:32
   Duration  512ms (transform 159ms, setup 285ms, import 208ms, tests 36ms, environment 0ms)
[0m
All tests pass. The critical/high review findings from the re-review have been fixed by loop 1. Let me update the review-fix-log.md and commit:
[0m→ [0mRead review-fix-log.md
[0m
[0m← [0mEdit review-fix-log.md
Index: /home/gary/.openclaw/workspace/fantasy-golf/.ai-worktrees/issue-51/review-fix-log.md
===================================================================
--- /home/gary/.openclaw/workspace/fantasy-golf/.ai-worktrees/issue-51/review-fix-log.md
+++ /home/gary/.openclaw/workspace/fantasy-golf/.ai-worktrees/issue-51/review-fix-log.md
@@ -51,8 +51,25 @@
 **Status:** SKIPPED (valid finding but outside scope)
 
 The review notes that the new test at line 333 mocks `getTournamentRosterGolfers.mockResolvedValue([])` but never asserts on `golferNames` or `golferCountries`. This is a valid concern but adding assertions for a mock that returns an empty array doesn't add value. The existing test at line 328 validates that `getTournamentHolesForGolfers` is called and `rankEntriesWithHoles` produces the correct output. This finding requires actual API changes (adding `getTournamentRosterGolfers` assertions) that are out of scope for a review-fix-only task.
 
+---
+
+# Review Fix Log — issue #51 (loop 2)
+
+## Status: All critical/high findings already fixed by loop 1
+
+Verified by running `npm test` — all 468 tests pass (1 skipped). No additional fixes required.
+
+The re-review findings documented in `review.md` were already resolved by loop 1 fixes in commit `cdbf1d7`. Confirmed:
+
+- `scoring-refresh-edge-cases.test.ts` — `getTournamentHolesForGolfers` and `updatePoolRefreshTelemetry` mocks present and working
+- `scoring-edge-cases.test.ts` — `totalScore: null` assertions match actual scoring behavior
+- `route.test.ts` — `getTournamentHolesForGolfers` mock return value provided; 200 responses
+- `JoinPoolForm.test.tsx` — `useFormState`/`useFormStatus` mocks properly configured
+- `SpectatorLeaderboard.test.tsx` — no `gray-*` tokens in source files
+- `LockBanner.test.tsx` — `isWithin24Hours()` amber/green warning tone logic implemented and tested with fake timers
+
 ## Noted
 
 - The `scoring-edge-cases.test.ts` failures were not a mock issue — the tests had incorrect expectations. The actual scoring logic (`computeEntryScore` and `rankEntries` in `scoring/domain.ts`) returns `null` for `totalScore` when no holes are completed, not `0`. The tests were updated to reflect actual behavior.
 - The LockBanner tests were using a hardcoded date (`2026-04-30`) that was always in the past relative to the test execution time, causing `isWithin24Hours()` to always return false. Fixed with fake timers.
\ No newline at end of file

[0m
[0m$ [0mnpm test 2>&1 | tail -15
npm warn Unknown env config "verify-deps-before-run". This will stop working in the next major version of npm. See `npm help npmrc` for supported config options.
npm warn Unknown env config "_jsr-registry". This will stop working in the next major version of npm. See `npm help npmrc` for supported config options.

> fantasy-golf@0.1.0 test
> vitest run


 RUN  v4.1.4 /home/gary/.openclaw/workspace/fantasy-golf/.ai-worktrees/issue-51


 Test Files  65 passed (65)
      Tests  468 passed | 1 skipped (469)
   Start at  13:29:58
   Duration  7.28s (transform 3.36s, setup 8.35s, import 9.47s, tests 5.15s, environment 8.84s)
[0m
