[0m
> build · MiniMax-M2.7
[0m
[0m→ [0mRead docs/rules-spec.md[90m [limit=50][0m
[0m✱ [0mGrep "getTournamentScoreRounds"[90m in src/app/api · 0 matches[0m
[0m→ [0mRead src/app/api/leaderboard/[poolId]/route.test.ts[90m [limit=40, offset=310][0m
Task 3 and 4 are both confirmation tasks - docs are already correct and tests already exist. Let me run the test.
[0m
[0m$ [0mnpm test -- src/app/api/leaderboard/\[poolId\]/route.test.ts 2>&1
npm warn Unknown env config "npm-globalconfig". This will stop working in the next major version of npm. See `npm help npmrc` for supported config options.
npm warn Unknown env config "verify-deps-before-run". This will stop working in the next major version of npm. See `npm help npmrc` for supported config options.
npm warn Unknown env config "_jsr-registry". This will stop working in the next major version of npm. See `npm help npmrc` for supported config options.

> fantasy-golf@0.1.0 test
> vitest run src/app/api/leaderboard/[poolId]/route.test.ts


 RUN  v4.1.4 /home/gary/.openclaw/workspace/fantasy-golf/.ai-worktrees/issue-51


 Test Files  1 passed (1)
      Tests  7 passed (7)
   Start at  13:14:47
   Duration  480ms (transform 79ms, setup 67ms, import 114ms, tests 21ms, environment 0ms)
[0m
