
[13:11:50] === Starting orchestrator for issue #51 ===
[13:11:50] Auto-resume: detected phase='read_issue'
[13:11:50] === Phase: read_issue ===
[13:11:52] Issue #51: Fix leaderboard GET endpoint and docs to use true hole-by-hole best-ball
[13:11:53] INFO: Creating branch: ai/issue-51
[13:11:53] === Phase: plan-design (brainstorm) ===
[13:11:53] Running agent for phase 'plan-design' (timeout=600s)...
[13:14:18] INFO: Design doc saved to /home/gary/.openclaw/workspace/fantasy-golf/.ai-worktrees/issue-51/design.md
[13:14:18] === Phase: plan-write (implementation plan) ===
[13:14:18] Running agent for phase 'plan-write' (timeout=600s)...
[13:14:37] INFO: Plan saved to /home/gary/.openclaw/workspace/fantasy-golf/.ai-worktrees/issue-51/plan.md
[13:14:37] === Phase: implement ===
[13:14:37] Installing dependencies in worktree...
[13:14:37] Found 4 task(s) to implement
[13:14:37] Auto-resume: task 3, stage 'implement'
[13:14:37]   Skipping completed task 1
[13:14:37]   Skipping completed task 2
[13:14:37] === Task 3/4: Confirm docs/rules-spec.md Is Consistent ===
[13:14:37]   Task 3: implementing...
[13:14:37] Running agent for phase 'implement-task-3' (timeout=1800s)...
