[0m
> build · MiniMax-M2.7
[0m
[0m$ [0mgit diff origin/main...HEAD
...output truncated...

Full output saved to: /home/gary/.local/share/opencode/tool-output/tool_e1da0540f0018BXuOnYJnh755B

\ No newline at end of file
[0m
[0m→ [0mRead /home/gary/.local/share/opencode/tool-output/tool_e1da0540f0018BXuOnYJnh755B
[0m→ [0mRead src/app/api/leaderboard/[poolId]/route.ts
[0m→ [0mRead issue.md
[0m→ [0mRead plan.md
[0m→ [0mRead code-review.md
Now I have all the context. Let me write the code-review.md based on the actual diff content.
[0m
[0m← [0mWrite code-review.md
Wrote file successfully.
[0m
Written `./code-review.md`. Key findings:

- **Critical:** 16 tests failing — implementation incomplete, final verification step not run
- **High:** `getTournamentRosterGolfers` result not validated in new test; removed `getTournamentScoreRounds` may break scoring refresh path
- **Low:** hardcoded mock value in test (acceptable)
- **Positive:** `route.ts` correctly migrated, docs updated, regression tests added

**Verdict: Do not merge** — must fix all 16 failing tests before requesting another review.
